--2019-06-21 20:43:03--  http://exoplanetarchive.ipac.caltech.edu/data/ETSS/corot_exo/lightcurve/IRa01//EN2_STAR_MON_0102693924_20070203T130553_20070401T235518_lc.tbl
Resolving exoplanetarchive.ipac.caltech.edu (exoplanetarchive.ipac.caltech.edu)... 134.4.54.147
Connecting to exoplanetarchive.ipac.caltech.edu (exoplanetarchive.ipac.caltech.edu)|134.4.54.147|:80... connected.
HTTP request sent, awaiting response... 302 Found
Location: https://exoplanetarchive.ipac.caltech.edu/data/ETSS/corot_exo/lightcurve/IRa01//EN2_STAR_MON_0102693924_20070203T130553_20070401T235518_lc.tbl [following]
--2019-06-21 20:43:03--  https://exoplanetarchive.ipac.caltech.edu/data/ETSS/corot_exo/lightcurve/IRa01//EN2_STAR_MON_0102693924_20070203T130553_20070401T235518_lc.tbl
Connecting to exoplanetarchive.ipac.caltech.edu (exoplanetarchive.ipac.caltech.edu)|134.4.54.147|:443... connected.
HTTP request sent, awaiting response... 200 OK
Length: 1661939 (1,6M) [text/plain]
Saving to: ‘EN2_STAR_MON_0102693924_20070203T130553_20070401T235518_lc.tbl’

     0K .......... .......... .......... .......... ..........  3% 75,6K 21s
    50K .......... .......... .......... .......... ..........  6%  303K 13s
   100K .......... .......... .......... .......... ..........  9% 52,5M 8s
   150K .......... .......... .......... .......... .......... 12%  302K 7s
   200K .......... .......... .......... .......... .......... 15%  303K 6s
   250K .......... .......... .......... .......... .......... 18% 53,4M 5s
   300K .......... .......... .......... .......... .......... 21% 93,3M 4s
   350K .......... .......... .......... .......... .......... 24%  302K 4s
   400K .......... .......... .......... .......... .......... 27% 78,3M 3s
   450K .......... .......... .......... .......... .......... 30%  303K 3s
   500K .......... .......... .......... .......... .......... 33% 71,1M 3s
   550K .......... .......... .......... .......... .......... 36% 98,6M 3s
   600K .......... .......... .......... .......... .......... 40%  302K 2s
   650K .......... .......... .......... .......... .......... 43% 94,1M 2s
   700K .......... .......... .......... .......... .......... 46% 94,8M 2s
   750K .......... .......... .......... .......... .......... 49%  302K 2s
   800K .......... .......... .......... .......... .......... 52% 78,4M 2s
   850K .......... .......... .......... .......... .......... 55%  303K 2s
   900K .......... .......... .......... .......... .......... 58% 90,2M 1s
   950K .......... .......... .......... .......... .......... 61% 93,2M 1s
  1000K .......... .......... .......... .......... .......... 64%  304K 1s
  1050K .......... .......... .......... .......... .......... 67% 70,0M 1s
  1100K .......... .......... .......... .......... .......... 70%  305K 1s
  1150K .......... .......... .......... .......... .......... 73% 50,3M 1s
  1200K .......... .......... .......... .......... .......... 77% 79,1M 1s
  1250K .......... .......... .......... .......... .......... 80%  303K 1s
  1300K .......... .......... .......... .......... .......... 83% 94,0M 1s
  1350K .......... .......... .......... .......... .......... 86% 94,7M 0s
  1400K .......... .......... .......... .......... .......... 89% 86,6M 0s
  1450K .......... .......... .......... .......... .......... 92%  304K 0s
  1500K .......... .......... .......... .......... .......... 95% 78,3M 0s
  1550K .......... .......... .......... .......... .......... 98% 94,7M 0s
  1600K .......... .......... ..                              100% 87,1M=2,7s

2019-06-21 20:43:07 (611 KB/s) - ‘EN2_STAR_MON_0102693924_20070203T130553_20070401T235518_lc.tbl’ saved [1661939/1661939]

--2019-06-21 20:43:07--  http://exoplanetarchive.ipac.caltech.edu/data/ETSS/corot_exo/FITSfiles/IRa01/EN2_STAR_MON_0102693924_20070203T130553_20070401T235518.fits
Resolving exoplanetarchive.ipac.caltech.edu (exoplanetarchive.ipac.caltech.edu)... 134.4.54.147
Connecting to exoplanetarchive.ipac.caltech.edu (exoplanetarchive.ipac.caltech.edu)|134.4.54.147|:80... connected.
HTTP request sent, awaiting response... 302 Found
Location: https://exoplanetarchive.ipac.caltech.edu/data/ETSS/corot_exo/FITSfiles/IRa01/EN2_STAR_MON_0102693924_20070203T130553_20070401T235518.fits [following]
--2019-06-21 20:43:07--  https://exoplanetarchive.ipac.caltech.edu/data/ETSS/corot_exo/FITSfiles/IRa01/EN2_STAR_MON_0102693924_20070203T130553_20070401T235518.fits
Connecting to exoplanetarchive.ipac.caltech.edu (exoplanetarchive.ipac.caltech.edu)|134.4.54.147|:443... connected.
HTTP request sent, awaiting response... 200 OK
Length: 576000 (562K) [image/x-fits]
Saving to: ‘EN2_STAR_MON_0102693924_20070203T130553_20070401T235518.fits’

     0K .......... .......... .......... .......... ..........  8% 75,6K 7s
    50K .......... .......... .......... .......... .......... 17%  151K 5s
   100K .......... .......... .......... .......... .......... 26%  302K 3s
   150K .......... .......... .......... .......... .......... 35%  302K 2s
   200K .......... .......... .......... .......... .......... 44% 47,8M 2s
   250K .......... .......... .......... .......... .......... 53%  302K 1s
   300K .......... .......... .......... .......... .......... 62%  300K 1s
   350K .......... .......... .......... .......... .......... 71% 51,5M 1s
   400K .......... .......... .......... .......... .......... 80%  302K 0s
   450K .......... .......... .......... .......... .......... 88%  304K 0s
   500K .......... .......... .......... .......... .......... 97% 40,8M 0s
   550K .......... ..                                         100% 77,7M=2,0s

2019-06-21 20:43:10 (283 KB/s) - ‘EN2_STAR_MON_0102693924_20070203T130553_20070401T235518.fits’ saved [576000/576000]

--2019-06-21 20:43:10--  http://exoplanetarchive.ipac.caltech.edu/data/ETSS/corot_exo/lightcurve/IRa01//EN2_STAR_MON_0102695403_20070203T130553_20070401T235518_lc.tbl
Resolving exoplanetarchive.ipac.caltech.edu (exoplanetarchive.ipac.caltech.edu)... 134.4.54.147
Connecting to exoplanetarchive.ipac.caltech.edu (exoplanetarchive.ipac.caltech.edu)|134.4.54.147|:80... connected.
HTTP request sent, awaiting response... 302 Found
Location: https://exoplanetarchive.ipac.caltech.edu/data/ETSS/corot_exo/lightcurve/IRa01//EN2_STAR_MON_0102695403_20070203T130553_20070401T235518_lc.tbl [following]
--2019-06-21 20:43:10--  https://exoplanetarchive.ipac.caltech.edu/data/ETSS/corot_exo/lightcurve/IRa01//EN2_STAR_MON_0102695403_20070203T130553_20070401T235518_lc.tbl
Connecting to exoplanetarchive.ipac.caltech.edu (exoplanetarchive.ipac.caltech.edu)|134.4.54.147|:443... connected.
HTTP request sent, awaiting response... 200 OK
Length: 1489543 (1,4M) [text/plain]
Saving to: ‘EN2_STAR_MON_0102695403_20070203T130553_20070401T235518_lc.tbl’

     0K .......... .......... .......... .......... ..........  3% 75,5K 19s
    50K .......... .......... .......... .......... ..........  6%  302K 11s
   100K .......... .......... .......... .......... .......... 10%  302K 9s
   150K .......... .......... .......... .......... .......... 13%  303K 7s
   200K .......... .......... .......... .......... .......... 17% 42,3M 6s
   250K .......... .......... .......... .......... .......... 20%  303K 5s
   300K .......... .......... .......... .......... .......... 24% 61,6M 4s
   350K .......... .......... .......... .......... .......... 27%  304K 4s
   400K .......... .......... .......... .......... .......... 30% 38,4M 3s
   450K .......... .......... .......... .......... .......... 34%  304K 3s
   500K .......... .......... .......... .......... .......... 37% 55,1M 3s
   550K .......... .......... .......... .......... .......... 41% 49,9M 2s
   600K .......... .......... .......... .......... .......... 44%  305K 2s
   650K .......... .......... .......... .......... .......... 48% 29,5M 2s
   700K .......... .......... .......... .......... .......... 51% 79,2M 2s
   750K .......... .......... .......... .......... .......... 54%  306K 2s
   800K .......... .......... .......... .......... .......... 58% 22,9M 1s
   850K .......... .......... .......... .......... .......... 61% 92,1M 1s
   900K .......... .......... .......... .......... .......... 65%  305K 1s
   950K .......... .......... .......... .......... .......... 68% 34,3M 1s
  1000K .......... .......... .......... .......... .......... 72% 82,4M 1s
  1050K .......... .......... .......... .......... .......... 75% 94,0M 1s
  1100K .......... .......... .......... .......... .......... 79%  307K 1s
  1150K .......... .......... .......... .......... .......... 82% 28,3M 0s
  1200K .......... .......... .......... .......... .......... 85% 79,6M 0s
  1250K .......... .......... .......... .......... .......... 89% 95,4M 0s
  1300K .......... .......... .......... .......... .......... 92% 96,9M 0s
  1350K .......... .......... .......... .......... .......... 96%  307K 0s
  1400K .......... .......... .......... .......... .......... 99% 75,3M 0s
  1450K ....                                                  100% 8835G=2,5s

2019-06-21 20:43:14 (585 KB/s) - ‘EN2_STAR_MON_0102695403_20070203T130553_20070401T235518_lc.tbl’ saved [1489543/1489543]

--2019-06-21 20:43:14--  http://exoplanetarchive.ipac.caltech.edu/data/ETSS/corot_exo/FITSfiles/IRa01/EN2_STAR_MON_0102695403_20070203T130553_20070401T235518.fits
Resolving exoplanetarchive.ipac.caltech.edu (exoplanetarchive.ipac.caltech.edu)... 134.4.54.147
Connecting to exoplanetarchive.ipac.caltech.edu (exoplanetarchive.ipac.caltech.edu)|134.4.54.147|:80... connected.
HTTP request sent, awaiting response... 302 Found
Location: https://exoplanetarchive.ipac.caltech.edu/data/ETSS/corot_exo/FITSfiles/IRa01/EN2_STAR_MON_0102695403_20070203T130553_20070401T235518.fits [following]
--2019-06-21 20:43:14--  https://exoplanetarchive.ipac.caltech.edu/data/ETSS/corot_exo/FITSfiles/IRa01/EN2_STAR_MON_0102695403_20070203T130553_20070401T235518.fits
Connecting to exoplanetarchive.ipac.caltech.edu (exoplanetarchive.ipac.caltech.edu)|134.4.54.147|:443... connected.
HTTP request sent, awaiting response... 200 OK
Length: 576000 (562K) [image/x-fits]
Saving to: ‘EN2_STAR_MON_0102695403_20070203T130553_20070401T235518.fits’

     0K .......... .......... .......... .......... ..........  8% 75,6K 7s
    50K .......... .......... .......... .......... .......... 17%  302K 4s
   100K .......... .......... .......... .......... .......... 26%  301K 3s
   150K .......... .......... .......... .......... .......... 35%  302K 2s
   200K .......... .......... .......... .......... .......... 44%  302K 2s
   250K .......... .......... .......... .......... .......... 53% 73,6M 1s
   300K .......... .......... .......... .......... .......... 62%  301K 1s
   350K .......... .......... .......... .......... .......... 71%  302K 1s
   400K .......... .......... .......... .......... .......... 80% 40,5M 0s
   450K .......... .......... .......... .......... .......... 88%  303K 0s
   500K .......... .......... .......... .......... .......... 97% 63,7M 0s
   550K .......... ..                                         100% 72,6M=1,8s

2019-06-21 20:43:17 (308 KB/s) - ‘EN2_STAR_MON_0102695403_20070203T130553_20070401T235518.fits’ saved [576000/576000]

--2019-06-21 20:43:17--  http://exoplanetarchive.ipac.caltech.edu/data/ETSS/corot_exo/lightcurve/IRa01//EN2_STAR_MON_0102696318_20070203T130553_20070401T235518_lc.tbl
Resolving exoplanetarchive.ipac.caltech.edu (exoplanetarchive.ipac.caltech.edu)... 134.4.54.147
Connecting to exoplanetarchive.ipac.caltech.edu (exoplanetarchive.ipac.caltech.edu)|134.4.54.147|:80... connected.
HTTP request sent, awaiting response... 302 Found
Location: https://exoplanetarchive.ipac.caltech.edu/data/ETSS/corot_exo/lightcurve/IRa01//EN2_STAR_MON_0102696318_20070203T130553_20070401T235518_lc.tbl [following]
--2019-06-21 20:43:17--  https://exoplanetarchive.ipac.caltech.edu/data/ETSS/corot_exo/lightcurve/IRa01//EN2_STAR_MON_0102696318_20070203T130553_20070401T235518_lc.tbl
Connecting to exoplanetarchive.ipac.caltech.edu (exoplanetarchive.ipac.caltech.edu)|134.4.54.147|:443... connected.
HTTP request sent, awaiting response... 200 OK
Length: 1489542 (1,4M) [text/plain]
Saving to: ‘EN2_STAR_MON_0102696318_20070203T130553_20070401T235518_lc.tbl’

     0K .......... .......... .......... .......... ..........  3% 75,5K 19s
    50K .......... .......... .......... .......... ..........  6%  302K 11s
   100K .......... .......... .......... .......... .......... 10%  302K 9s
   150K .......... .......... .......... .......... .......... 13% 1,21M 6s
   200K .......... .......... .......... .......... .......... 17%  397K 6s
   250K .......... .......... .......... .......... .......... 20% 1,23M 5s
   300K .......... .......... .......... .......... .......... 24%  396K 4s
   350K .......... .......... .......... .......... .......... 27% 1,24M 4s
   400K .......... .......... .......... .......... .......... 30% 60,7M 3s
   450K .......... .......... .......... .......... .......... 34%  398K 3s
   500K .......... .......... .......... .......... .......... 37% 1,23M 3s
   550K .......... .......... .......... .......... .......... 41% 55,3M 2s
   600K .......... .......... .......... .......... .......... 44%  397K 2s
   650K .......... .......... .......... .......... .......... 48% 1,23M 2s
   700K .......... .......... .......... .......... .......... 51% 82,8M 2s
   750K .......... .......... .......... .......... .......... 54%  104M 1s
   800K .......... .......... .......... .......... .......... 58%  399K 1s
   850K .......... .......... .......... .......... .......... 61% 1,22M 1s
   900K .......... .......... .......... .......... .......... 65% 95,8M 1s
   950K .......... .......... .......... .......... .......... 68%  400K 1s
  1000K .......... .......... .......... .......... .......... 72% 57,2M 1s
  1050K .......... .......... .......... .......... .......... 75% 1,23M 1s
  1100K .......... .......... .......... .......... .......... 79% 91,7M 1s
  1150K .......... .......... .......... .......... .......... 82% 93,7M 0s
  1200K .......... .......... .......... .......... .......... 85%  402K 0s
  1250K .......... .......... .......... .......... .......... 89% 63,1M 0s
  1300K .......... .......... .......... .......... .......... 92% 1,23M 0s
  1350K .......... .......... .......... .......... .......... 96% 96,2M 0s
  1400K .......... .......... .......... .......... .......... 99% 81,3M 0s
  1450K ....                                                  100% 8833G=2,2s

2019-06-21 20:43:20 (662 KB/s) - ‘EN2_STAR_MON_0102696318_20070203T130553_20070401T235518_lc.tbl’ saved [1489542/1489542]

--2019-06-21 20:43:20--  http://exoplanetarchive.ipac.caltech.edu/data/ETSS/corot_exo/FITSfiles/IRa01/EN2_STAR_MON_0102696318_20070203T130553_20070401T235518.fits
Resolving exoplanetarchive.ipac.caltech.edu (exoplanetarchive.ipac.caltech.edu)... 134.4.54.147
Connecting to exoplanetarchive.ipac.caltech.edu (exoplanetarchive.ipac.caltech.edu)|134.4.54.147|:80... connected.
HTTP request sent, awaiting response... 302 Found
Location: https://exoplanetarchive.ipac.caltech.edu/data/ETSS/corot_exo/FITSfiles/IRa01/EN2_STAR_MON_0102696318_20070203T130553_20070401T235518.fits [following]
--2019-06-21 20:43:21--  https://exoplanetarchive.ipac.caltech.edu/data/ETSS/corot_exo/FITSfiles/IRa01/EN2_STAR_MON_0102696318_20070203T130553_20070401T235518.fits
Connecting to exoplanetarchive.ipac.caltech.edu (exoplanetarchive.ipac.caltech.edu)|134.4.54.147|:443... connected.
HTTP request sent, awaiting response... 200 OK
Length: 576000 (562K) [image/x-fits]
Saving to: ‘EN2_STAR_MON_0102696318_20070203T130553_20070401T235518.fits’

     0K .......... .......... .......... .......... ..........  8% 75,6K 7s
    50K .......... .......... .......... .......... .......... 17%  301K 4s
   100K .......... .......... .......... .......... .......... 26%  302K 3s
   150K .......... .......... .......... .......... .......... 35%  302K 2s
   200K .......... .......... .......... .......... .......... 44%  302K 2s
   250K .......... .......... .......... .......... .......... 53% 71,7M 1s
   300K .......... .......... .......... .......... .......... 62%  302K 1s
   350K .......... .......... .......... .......... .......... 71%  303K 1s
   400K .......... .......... .......... .......... .......... 80% 43,5M 0s
   450K .......... .......... .......... .......... .......... 88%  303K 0s
   500K .......... .......... .......... .......... .......... 97% 87,8M 0s
   550K .......... ..                                         100% 77,9M=1,8s

2019-06-21 20:43:23 (309 KB/s) - ‘EN2_STAR_MON_0102696318_20070203T130553_20070401T235518.fits’ saved [576000/576000]

--2019-06-21 20:43:23--  http://exoplanetarchive.ipac.caltech.edu/data/ETSS/corot_exo/lightcurve/IRa01//EN2_STAR_MON_0102696449_20070203T130553_20070401T235518_lc.tbl
Resolving exoplanetarchive.ipac.caltech.edu (exoplanetarchive.ipac.caltech.edu)... 134.4.54.147
Connecting to exoplanetarchive.ipac.caltech.edu (exoplanetarchive.ipac.caltech.edu)|134.4.54.147|:80... connected.
HTTP request sent, awaiting response... 302 Found
Location: https://exoplanetarchive.ipac.caltech.edu/data/ETSS/corot_exo/lightcurve/IRa01//EN2_STAR_MON_0102696449_20070203T130553_20070401T235518_lc.tbl [following]
--2019-06-21 20:43:24--  https://exoplanetarchive.ipac.caltech.edu/data/ETSS/corot_exo/lightcurve/IRa01//EN2_STAR_MON_0102696449_20070203T130553_20070401T235518_lc.tbl
Connecting to exoplanetarchive.ipac.caltech.edu (exoplanetarchive.ipac.caltech.edu)|134.4.54.147|:443... connected.
HTTP request sent, awaiting response... 200 OK
Length: 1489543 (1,4M) [text/plain]
Saving to: ‘EN2_STAR_MON_0102696449_20070203T130553_20070401T235518_lc.tbl’

     0K .......... .......... .......... .......... ..........  3% 75,3K 19s
    50K .......... .......... .......... .......... ..........  6%  302K 11s
   100K .......... .......... .......... .......... .......... 10% 34,1M 7s
   150K .......... .......... .......... .......... .......... 13%  302K 6s
   200K .......... .......... .......... .......... .......... 17% 35,8M 5s
   250K .......... .......... .......... .......... .......... 20%  304K 4s
   300K .......... .......... .......... .......... .......... 24% 42,7M 4s
   350K .......... .......... .......... .......... .......... 27%  304K 4s
   400K .......... .......... .......... .......... .......... 30% 40,0M 3s
   450K .......... .......... .......... .......... .......... 34% 84,5M 3s
   500K .......... .......... .......... .......... .......... 37%  304K 2s
   550K .......... .......... .......... .......... .......... 41% 61,1M 2s
   600K .......... .......... .......... .......... .......... 44% 53,5M 2s
   650K .......... .......... .......... .......... .......... 48%  305K 2s
   700K .......... .......... .......... .......... .......... 51% 35,4M 2s
   750K .......... .......... .......... .......... .......... 54%  305K 1s
   800K .......... .......... .......... .......... .......... 58% 41,4M 1s
   850K .......... .......... .......... .......... .......... 61% 58,3M 1s
   900K .......... .......... .......... .......... .......... 65% 48,7M 1s
   950K .......... .......... .......... .......... .......... 68%  306K 1s
  1000K .......... .......... .......... .......... .......... 72% 30,9M 1s
  1050K .......... .......... .......... .......... .......... 75% 90,8M 1s
  1100K .......... .......... .......... .......... .......... 79% 44,9M 1s
  1150K .......... .......... .......... .......... .......... 82%  307K 0s
  1200K .......... .......... .......... .......... .......... 85% 65,1M 0s
  1250K .......... .......... .......... .......... .......... 89% 57,2M 0s
  1300K .......... .......... .......... .......... .......... 92% 49,2M 0s
  1350K .......... .......... .......... .......... .......... 96% 74,3M 0s
  1400K .......... .......... .......... .......... .......... 99% 76,5M 0s
  1450K ....                                                  100% 8835G=2,2s

2019-06-21 20:43:27 (673 KB/s) - ‘EN2_STAR_MON_0102696449_20070203T130553_20070401T235518_lc.tbl’ saved [1489543/1489543]

--2019-06-21 20:43:27--  http://exoplanetarchive.ipac.caltech.edu/data/ETSS/corot_exo/FITSfiles/IRa01/EN2_STAR_MON_0102696449_20070203T130553_20070401T235518.fits
Resolving exoplanetarchive.ipac.caltech.edu (exoplanetarchive.ipac.caltech.edu)... 134.4.54.147
Connecting to exoplanetarchive.ipac.caltech.edu (exoplanetarchive.ipac.caltech.edu)|134.4.54.147|:80... connected.
HTTP request sent, awaiting response... 302 Found
Location: https://exoplanetarchive.ipac.caltech.edu/data/ETSS/corot_exo/FITSfiles/IRa01/EN2_STAR_MON_0102696449_20070203T130553_20070401T235518.fits [following]
--2019-06-21 20:43:27--  https://exoplanetarchive.ipac.caltech.edu/data/ETSS/corot_exo/FITSfiles/IRa01/EN2_STAR_MON_0102696449_20070203T130553_20070401T235518.fits
Connecting to exoplanetarchive.ipac.caltech.edu (exoplanetarchive.ipac.caltech.edu)|134.4.54.147|:443... connected.
HTTP request sent, awaiting response... 200 OK
Length: 576000 (562K) [image/x-fits]
Saving to: ‘EN2_STAR_MON_0102696449_20070203T130553_20070401T235518.fits’

     0K .......... .......... .......... .......... ..........  8% 75,6K 7s
    50K .......... .......... .......... .......... .......... 17%  151K 5s
   100K .......... .......... .......... .......... .......... 26%  302K 3s
   150K .......... .......... .......... .......... .......... 35%  302K 2s
   200K .......... .......... .......... .......... .......... 44%  302K 2s
   250K .......... .......... .......... .......... .......... 53%  301K 1s
   300K .......... .......... .......... .......... .......... 62%  303K 1s
   350K .......... .......... .......... .......... .......... 71% 50,3M 1s
   400K .......... .......... .......... .......... .......... 80%  302K 0s
   450K .......... .......... .......... .......... .......... 88%  304K 0s
   500K .......... .......... .......... .......... .......... 97% 40,5M 0s
   550K .......... ..                                         100% 74,3M=2,2s

2019-06-21 20:43:30 (261 KB/s) - ‘EN2_STAR_MON_0102696449_20070203T130553_20070401T235518.fits’ saved [576000/576000]

--2019-06-21 20:43:30--  http://exoplanetarchive.ipac.caltech.edu/data/ETSS/corot_exo/lightcurve/IRa01//EN2_STAR_MON_0102697109_20070203T130553_20070401T235518_lc.tbl
Resolving exoplanetarchive.ipac.caltech.edu (exoplanetarchive.ipac.caltech.edu)... 134.4.54.147
Connecting to exoplanetarchive.ipac.caltech.edu (exoplanetarchive.ipac.caltech.edu)|134.4.54.147|:80... connected.
HTTP request sent, awaiting response... 302 Found
Location: https://exoplanetarchive.ipac.caltech.edu/data/ETSS/corot_exo/lightcurve/IRa01//EN2_STAR_MON_0102697109_20070203T130553_20070401T235518_lc.tbl [following]
--2019-06-21 20:43:31--  https://exoplanetarchive.ipac.caltech.edu/data/ETSS/corot_exo/lightcurve/IRa01//EN2_STAR_MON_0102697109_20070203T130553_20070401T235518_lc.tbl
Connecting to exoplanetarchive.ipac.caltech.edu (exoplanetarchive.ipac.caltech.edu)|134.4.54.147|:443... connected.
HTTP request sent, awaiting response... 200 OK
Length: 1489543 (1,4M) [text/plain]
Saving to: ‘EN2_STAR_MON_0102697109_20070203T130553_20070401T235518_lc.tbl’

     0K .......... .......... .......... .......... ..........  3% 75,2K 19s
    50K .......... .......... .......... .......... ..........  6%  301K 11s
   100K .......... .......... .......... .......... .......... 10%  300K 9s
   150K .......... .......... .......... .......... .......... 13% 67,9M 6s
   200K .......... .......... .......... .......... .......... 17%  302K 6s
   250K .......... .......... .......... .......... .......... 20% 93,5M 4s
   300K .......... .......... .......... .......... .......... 24%  302K 4s
   350K .......... .......... .......... .......... .......... 27% 96,6M 4s
   400K .......... .......... .......... .......... .......... 30%  303K 3s
   450K .......... .......... .......... .......... .......... 34% 94,7M 3s
   500K .......... .......... .......... .......... .......... 37%  304K 3s
   550K .......... .......... .......... .......... .......... 41% 44,5M 2s
   600K .......... .......... .......... .......... .......... 44% 81,9M 2s
   650K .......... .......... .......... .......... .......... 48%  303K 2s
   700K .......... .......... .......... .......... .......... 51% 88,3M 2s
   750K .......... .......... .......... .......... .......... 54%  304K 2s
   800K .......... .......... .......... .......... .......... 58% 42,9M 1s
   850K .......... .......... .......... .......... .......... 61% 96,0M 1s
   900K .......... .......... .......... .......... .......... 65%  303K 1s
   950K .......... .......... .......... .......... .......... 68% 91,2M 1s
  1000K .......... .......... .......... .......... .......... 72%  305K 1s
  1050K .......... .......... .......... .......... .......... 75% 65,1M 1s
  1100K .......... .......... .......... .......... .......... 79% 63,9M 1s
  1150K .......... .......... .......... .......... .......... 82%  304K 1s
  1200K .......... .......... .......... .......... .......... 85% 44,1M 0s
  1250K .......... .......... .......... .......... .......... 89%  305K 0s
  1300K .......... .......... .......... .......... .......... 92% 33,5M 0s
  1350K .......... .......... .......... .......... .......... 96% 90,8M 0s
  1400K .......... .......... .......... .......... .......... 99% 83,5M 0s
  1450K ....                                                  100% 8835G=2,7s

2019-06-21 20:43:34 (547 KB/s) - ‘EN2_STAR_MON_0102697109_20070203T130553_20070401T235518_lc.tbl’ saved [1489543/1489543]

--2019-06-21 20:43:34--  http://exoplanetarchive.ipac.caltech.edu/data/ETSS/corot_exo/FITSfiles/IRa01/EN2_STAR_MON_0102697109_20070203T130553_20070401T235518.fits
Resolving exoplanetarchive.ipac.caltech.edu (exoplanetarchive.ipac.caltech.edu)... 134.4.54.147
Connecting to exoplanetarchive.ipac.caltech.edu (exoplanetarchive.ipac.caltech.edu)|134.4.54.147|:80... connected.
HTTP request sent, awaiting response... 302 Found
Location: https://exoplanetarchive.ipac.caltech.edu/data/ETSS/corot_exo/FITSfiles/IRa01/EN2_STAR_MON_0102697109_20070203T130553_20070401T235518.fits [following]
--2019-06-21 20:43:34--  https://exoplanetarchive.ipac.caltech.edu/data/ETSS/corot_exo/FITSfiles/IRa01/EN2_STAR_MON_0102697109_20070203T130553_20070401T235518.fits
Connecting to exoplanetarchive.ipac.caltech.edu (exoplanetarchive.ipac.caltech.edu)|134.4.54.147|:443... connected.
HTTP request sent, awaiting response... 200 OK
Length: 576000 (562K) [image/x-fits]
Saving to: ‘EN2_STAR_MON_0102697109_20070203T130553_20070401T235518.fits’

     0K .......... .......... .......... .......... ..........  8% 75,6K 7s
    50K .......... .......... .......... .......... .......... 17%  302K 4s
   100K .......... .......... .......... .......... .......... 26%  301K 3s
   150K .......... .......... .......... .......... .......... 35%  302K 2s
   200K .......... .......... .......... .......... .......... 44%  302K 2s
   250K .......... .......... .......... .......... .......... 53% 71,0M 1s
   300K .......... .......... .......... .......... .......... 62%  301K 1s
   350K .......... .......... .......... .......... .......... 71%  302K 1s
   400K .......... .......... .......... .......... .......... 80%  302K 0s
   450K .......... .......... .......... .......... .......... 88% 46,8M 0s
   500K .......... .......... .......... .......... .......... 97%  303K 0s
   550K .......... ..                                         100% 69,9M=2,0s

2019-06-21 20:43:37 (283 KB/s) - ‘EN2_STAR_MON_0102697109_20070203T130553_20070401T235518.fits’ saved [576000/576000]

--2019-06-21 20:43:37--  http://exoplanetarchive.ipac.caltech.edu/data/ETSS/corot_exo/lightcurve/IRa01//EN2_STAR_MON_0102698534_20070203T130553_20070401T235518_lc.tbl
Resolving exoplanetarchive.ipac.caltech.edu (exoplanetarchive.ipac.caltech.edu)... 134.4.54.147
Connecting to exoplanetarchive.ipac.caltech.edu (exoplanetarchive.ipac.caltech.edu)|134.4.54.147|:80... connected.
HTTP request sent, awaiting response... 302 Found
Location: https://exoplanetarchive.ipac.caltech.edu/data/ETSS/corot_exo/lightcurve/IRa01//EN2_STAR_MON_0102698534_20070203T130553_20070401T235518_lc.tbl [following]
--2019-06-21 20:43:38--  https://exoplanetarchive.ipac.caltech.edu/data/ETSS/corot_exo/lightcurve/IRa01//EN2_STAR_MON_0102698534_20070203T130553_20070401T235518_lc.tbl
Connecting to exoplanetarchive.ipac.caltech.edu (exoplanetarchive.ipac.caltech.edu)|134.4.54.147|:443... connected.
HTTP request sent, awaiting response... 200 OK
Length: 1489543 (1,4M) [text/plain]
Saving to: ‘EN2_STAR_MON_0102698534_20070203T130553_20070401T235518_lc.tbl’

     0K .......... .......... .......... .......... ..........  3% 75,4K 19s
    50K .......... .......... .......... .......... ..........  6%  302K 11s
   100K .......... .......... .......... .......... .......... 10%  301K 9s
   150K .......... .......... .......... .......... .......... 13%  302K 7s
   200K .......... .......... .......... .......... .......... 17% 53,5M 6s
   250K .......... .......... .......... .......... .......... 20%  302K 5s
   300K .......... .......... .......... .......... .......... 24% 59,9M 4s
   350K .......... .......... .......... .......... .......... 27%  303K 4s
   400K .......... .......... .......... .......... .......... 30%  302K 4s
   450K .......... .......... .......... .......... .......... 34% 55,3M 3s
   500K .......... .......... .......... .......... .......... 37% 61,2M 3s
   550K .......... .......... .......... .......... .......... 41%  303K 3s
   600K .......... .......... .......... .......... .......... 44% 47,7M 2s
   650K .......... .......... .......... .......... .......... 48% 75,7M 2s
   700K .......... .......... .......... .......... .......... 51%  304K 2s
   750K .......... .......... .......... .......... .......... 54% 50,7M 2s
   800K .......... .......... .......... .......... .......... 58% 82,0M 1s
   850K .......... .......... .......... .......... .......... 61%  307K 1s
   900K .......... .......... .......... .......... .......... 65% 19,1M 1s
   950K .......... .......... .......... .......... .......... 68%  306K 1s
  1000K .......... .......... .......... .......... .......... 72% 22,2M 1s
  1050K .......... .......... .......... .......... .......... 75%  306K 1s
  1100K .......... .......... .......... .......... .......... 79% 35,4M 1s
  1150K .......... .......... .......... .......... .......... 82% 49,6M 1s
  1200K .......... .......... .......... .......... .......... 85%  305K 0s
  1250K .......... .......... .......... .......... .......... 89% 40,1M 0s
  1300K .......... .......... .......... .......... .......... 92% 48,9M 0s
  1350K .......... .......... .......... .......... .......... 96% 91,5M 0s
  1400K .......... .......... .......... .......... .......... 99%  307K 0s
  1450K ....                                                  100% 8835G=2,8s

2019-06-21 20:43:41 (516 KB/s) - ‘EN2_STAR_MON_0102698534_20070203T130553_20070401T235518_lc.tbl’ saved [1489543/1489543]

--2019-06-21 20:43:41--  http://exoplanetarchive.ipac.caltech.edu/data/ETSS/corot_exo/FITSfiles/IRa01/EN2_STAR_MON_0102698534_20070203T130553_20070401T235518.fits
Resolving exoplanetarchive.ipac.caltech.edu (exoplanetarchive.ipac.caltech.edu)... 134.4.54.147
Connecting to exoplanetarchive.ipac.caltech.edu (exoplanetarchive.ipac.caltech.edu)|134.4.54.147|:80... connected.
HTTP request sent, awaiting response... 302 Found
Location: https://exoplanetarchive.ipac.caltech.edu/data/ETSS/corot_exo/FITSfiles/IRa01/EN2_STAR_MON_0102698534_20070203T130553_20070401T235518.fits [following]
--2019-06-21 20:43:42--  https://exoplanetarchive.ipac.caltech.edu/data/ETSS/corot_exo/FITSfiles/IRa01/EN2_STAR_MON_0102698534_20070203T130553_20070401T235518.fits
Connecting to exoplanetarchive.ipac.caltech.edu (exoplanetarchive.ipac.caltech.edu)|134.4.54.147|:443... connected.
HTTP request sent, awaiting response... 200 OK
Length: 576000 (562K) [image/x-fits]
Saving to: ‘EN2_STAR_MON_0102698534_20070203T130553_20070401T235518.fits’

     0K .......... .......... .......... .......... ..........  8% 75,6K 7s
    50K .......... .......... .......... .......... .......... 17%  303K 4s
   100K .......... .......... .......... .......... .......... 26%  301K 3s
   150K .......... .......... .......... .......... .......... 35% 70,8M 2s
   200K .......... .......... .......... .......... .......... 44%  302K 1s
   250K .......... .......... .......... .......... .......... 53% 91,4M 1s
   300K .......... .......... .......... .......... .......... 62%  302K 1s
   350K .......... .......... .......... .......... .......... 71% 74,6M 1s
   400K .......... .......... .......... .......... .......... 80%  302K 0s
   450K .......... .......... .......... .......... .......... 88% 77,7M 0s
   500K .......... .......... .......... .......... .......... 97%  304K 0s
   550K .......... ..                                         100% 64,4M=1,7s

2019-06-21 20:43:44 (340 KB/s) - ‘EN2_STAR_MON_0102698534_20070203T130553_20070401T235518.fits’ saved [576000/576000]

--2019-06-21 20:43:44--  http://exoplanetarchive.ipac.caltech.edu/data/ETSS/corot_exo/lightcurve/IRa01//EN2_STAR_MON_0102698721_20070203T130553_20070401T235518_lc.tbl
Resolving exoplanetarchive.ipac.caltech.edu (exoplanetarchive.ipac.caltech.edu)... 134.4.54.147
Connecting to exoplanetarchive.ipac.caltech.edu (exoplanetarchive.ipac.caltech.edu)|134.4.54.147|:80... connected.
HTTP request sent, awaiting response... 302 Found
Location: https://exoplanetarchive.ipac.caltech.edu/data/ETSS/corot_exo/lightcurve/IRa01//EN2_STAR_MON_0102698721_20070203T130553_20070401T235518_lc.tbl [following]
--2019-06-21 20:43:45--  https://exoplanetarchive.ipac.caltech.edu/data/ETSS/corot_exo/lightcurve/IRa01//EN2_STAR_MON_0102698721_20070203T130553_20070401T235518_lc.tbl
Connecting to exoplanetarchive.ipac.caltech.edu (exoplanetarchive.ipac.caltech.edu)|134.4.54.147|:443... connected.
HTTP request sent, awaiting response... 200 OK
Length: 1489543 (1,4M) [text/plain]
Saving to: ‘EN2_STAR_MON_0102698721_20070203T130553_20070401T235518_lc.tbl’

     0K .......... .......... .......... .......... ..........  3%  101K 14s
    50K .......... .......... .......... .......... ..........  6%  302K 9s
   100K .......... .......... .......... .......... .......... 10%  302K 7s
   150K .......... .......... .......... .......... .......... 13% 97,3M 5s
   200K .......... .......... .......... .......... .......... 17%  301K 5s
   250K .......... .......... .......... .......... .......... 20% 92,4M 4s
   300K .......... .......... .......... .......... .......... 24%  303K 4s
   350K .......... .......... .......... .......... .......... 27% 55,4M 3s
   400K .......... .......... .......... .......... .......... 30% 86,6M 3s
   450K .......... .......... .......... .......... .......... 34%  303K 3s
   500K .......... .......... .......... .......... .......... 37% 48,0M 2s
   550K .......... .......... .......... .......... .......... 41% 94,2M 2s
   600K .......... .......... .......... .......... .......... 44%  302K 2s
   650K .......... .......... .......... .......... .......... 48% 65,6M 2s
   700K .......... .......... .......... .......... .......... 51%  304K 2s
   750K .......... .......... .......... .......... .......... 54% 41,0M 1s
   800K .......... .......... .......... .......... .......... 58% 43,6M 1s
   850K .......... .......... .......... .......... .......... 61% 97,0M 1s
   900K .......... .......... .......... .......... .......... 65%  304K 1s
   950K .......... .......... .......... .......... .......... 68% 46,1M 1s
  1000K .......... .......... .......... .......... .......... 72% 63,3M 1s
  1050K .......... .......... .......... .......... .......... 75%  103M 1s
  1100K .......... .......... .......... .......... .......... 79%  306K 1s
  1150K .......... .......... .......... .......... .......... 82% 63,4M 0s
  1200K .......... .......... .......... .......... .......... 85% 40,2M 0s
  1250K .......... .......... .......... .......... .......... 89% 98,0M 0s
  1300K .......... .......... .......... .......... .......... 92% 95,3M 0s
  1350K .......... .......... .......... .......... .......... 96%  307K 0s
  1400K .......... .......... .......... .......... .......... 99% 66,2M 0s
  1450K ....                                                  100% 8835G=2,2s

2019-06-21 20:43:48 (674 KB/s) - ‘EN2_STAR_MON_0102698721_20070203T130553_20070401T235518_lc.tbl’ saved [1489543/1489543]

--2019-06-21 20:43:48--  http://exoplanetarchive.ipac.caltech.edu/data/ETSS/corot_exo/FITSfiles/IRa01/EN2_STAR_MON_0102698721_20070203T130553_20070401T235518.fits
Resolving exoplanetarchive.ipac.caltech.edu (exoplanetarchive.ipac.caltech.edu)... 134.4.54.147
Connecting to exoplanetarchive.ipac.caltech.edu (exoplanetarchive.ipac.caltech.edu)|134.4.54.147|:80... connected.
HTTP request sent, awaiting response... 302 Found
Location: https://exoplanetarchive.ipac.caltech.edu/data/ETSS/corot_exo/FITSfiles/IRa01/EN2_STAR_MON_0102698721_20070203T130553_20070401T235518.fits [following]
--2019-06-21 20:43:48--  https://exoplanetarchive.ipac.caltech.edu/data/ETSS/corot_exo/FITSfiles/IRa01/EN2_STAR_MON_0102698721_20070203T130553_20070401T235518.fits
Connecting to exoplanetarchive.ipac.caltech.edu (exoplanetarchive.ipac.caltech.edu)|134.4.54.147|:443... connected.
HTTP request sent, awaiting response... 200 OK
Length: 576000 (562K) [image/x-fits]
Saving to: ‘EN2_STAR_MON_0102698721_20070203T130553_20070401T235518.fits’

     0K .......... .......... .......... .......... ..........  8% 75,6K 7s
    50K .......... .......... .......... .......... .......... 17%  302K 4s
   100K .......... .......... .......... .......... .......... 26%  629K 2s
   150K .......... .......... .......... .......... .......... 35%  302K 2s
   200K .......... .......... .......... .......... .......... 44%  578K 1s
   250K .......... .......... .......... .......... .......... 53% 82,5M 1s
   300K .......... .......... .......... .......... .......... 62%  632K 1s
   350K .......... .......... .......... .......... .......... 71%  577K 1s
   400K .......... .......... .......... .......... .......... 80%  632K 0s
   450K .......... .......... .......... .......... .......... 88% 74,1M 0s
   500K .......... .......... .......... .......... .......... 97%  579K 0s
   550K .......... ..                                         100% 76,4M=1,5s

2019-06-21 20:43:50 (377 KB/s) - ‘EN2_STAR_MON_0102698721_20070203T130553_20070401T235518.fits’ saved [576000/576000]

--2019-06-21 20:43:50--  http://exoplanetarchive.ipac.caltech.edu/data/ETSS/corot_exo/lightcurve/IRa01//EN2_STAR_MON_0102699809_20070203T130553_20070401T235518_lc.tbl
Resolving exoplanetarchive.ipac.caltech.edu (exoplanetarchive.ipac.caltech.edu)... 134.4.54.147
Connecting to exoplanetarchive.ipac.caltech.edu (exoplanetarchive.ipac.caltech.edu)|134.4.54.147|:80... connected.
HTTP request sent, awaiting response... 302 Found
Location: https://exoplanetarchive.ipac.caltech.edu/data/ETSS/corot_exo/lightcurve/IRa01//EN2_STAR_MON_0102699809_20070203T130553_20070401T235518_lc.tbl [following]
--2019-06-21 20:43:51--  https://exoplanetarchive.ipac.caltech.edu/data/ETSS/corot_exo/lightcurve/IRa01//EN2_STAR_MON_0102699809_20070203T130553_20070401T235518_lc.tbl
Connecting to exoplanetarchive.ipac.caltech.edu (exoplanetarchive.ipac.caltech.edu)|134.4.54.147|:443... connected.
HTTP request sent, awaiting response... 200 OK
Length: 1489545 (1,4M) [text/plain]
Saving to: ‘EN2_STAR_MON_0102699809_20070203T130553_20070401T235518_lc.tbl’

     0K .......... .......... .......... .......... ..........  3% 75,5K 19s
    50K .......... .......... .......... .......... ..........  6%  302K 11s
   100K .......... .......... .......... .......... .......... 10% 59,5M 7s
   150K .......... .......... .......... .......... .......... 13%  300K 6s
   200K .......... .......... .......... .......... .......... 17%  302K 6s
   250K .......... .......... .......... .......... .......... 20% 48,4M 4s
   300K .......... .......... .......... .......... .......... 24% 95,9M 4s
   350K .......... .......... .......... .......... .......... 27%  302K 4s
   400K .......... .......... .......... .......... .......... 30% 78,9M 3s
   450K .......... .......... .......... .......... .......... 34%  305K 3s
   500K .......... .......... .......... .......... .......... 37% 48,3M 2s
   550K .......... .......... .......... .......... .......... 41% 97,2M 2s
   600K .......... .......... .......... .......... .......... 44%  304K 2s
   650K .......... .......... .......... .......... .......... 48% 36,9M 2s
   700K .......... .......... .......... .......... .......... 51% 92,2M 2s
   750K .......... .......... .......... .......... .......... 54% 97,2M 1s
   800K .......... .......... .......... .......... .......... 58%  304K 1s
   850K .......... .......... .......... .......... .......... 61% 86,4M 1s
   900K .......... .......... .......... .......... .......... 65% 94,7M 1s
   950K .......... .......... .......... .......... .......... 68%  307K 1s
  1000K .......... .......... .......... .......... .......... 72% 21,5M 1s
  1050K .......... .......... .......... .......... .......... 75% 89,6M 1s
  1100K .......... .......... .......... .......... .......... 79% 99,3M 1s
  1150K .......... .......... .......... .......... .......... 82% 95,3M 0s
  1200K .......... .......... .......... .......... .......... 85%  308K 0s
  1250K .......... .......... .......... .......... .......... 89% 27,7M 0s
  1300K .......... .......... .......... .......... .......... 92% 97,0M 0s
  1350K .......... .......... .......... .......... .......... 96% 94,6M 0s
  1400K .......... .......... .......... .......... .......... 99% 86,6M 0s
  1450K ....                                                  100% 8838G=2,2s

2019-06-21 20:43:54 (674 KB/s) - ‘EN2_STAR_MON_0102699809_20070203T130553_20070401T235518_lc.tbl’ saved [1489545/1489545]

--2019-06-21 20:43:54--  http://exoplanetarchive.ipac.caltech.edu/data/ETSS/corot_exo/FITSfiles/IRa01/EN2_STAR_MON_0102699809_20070203T130553_20070401T235518.fits
Resolving exoplanetarchive.ipac.caltech.edu (exoplanetarchive.ipac.caltech.edu)... 134.4.54.147
Connecting to exoplanetarchive.ipac.caltech.edu (exoplanetarchive.ipac.caltech.edu)|134.4.54.147|:80... connected.
HTTP request sent, awaiting response... 302 Found
Location: https://exoplanetarchive.ipac.caltech.edu/data/ETSS/corot_exo/FITSfiles/IRa01/EN2_STAR_MON_0102699809_20070203T130553_20070401T235518.fits [following]
--2019-06-21 20:43:54--  https://exoplanetarchive.ipac.caltech.edu/data/ETSS/corot_exo/FITSfiles/IRa01/EN2_STAR_MON_0102699809_20070203T130553_20070401T235518.fits
Connecting to exoplanetarchive.ipac.caltech.edu (exoplanetarchive.ipac.caltech.edu)|134.4.54.147|:443... connected.
HTTP request sent, awaiting response... 200 OK
Length: 576000 (562K) [image/x-fits]
Saving to: ‘EN2_STAR_MON_0102699809_20070203T130553_20070401T235518.fits’

     0K .......... .......... .......... .......... ..........  8% 75,3K 7s
    50K .......... .......... .......... .......... .......... 17%  302K 4s
   100K .......... .......... .......... .......... .......... 26%  302K 3s
   150K .......... .......... .......... .......... .......... 35%  302K 2s
   200K .......... .......... .......... .......... .......... 44%  303K 2s
   250K .......... .......... .......... .......... .......... 53% 61,4M 1s
   300K .......... .......... .......... .......... .......... 62%  303K 1s
   350K .......... .......... .......... .......... .......... 71% 48,5M 1s
   400K .......... .......... .......... .......... .......... 80%  303K 0s
   450K .......... .......... .......... .......... .......... 88% 38,9M 0s
   500K .......... .......... .......... .......... .......... 97%  305K 0s
   550K .......... ..                                         100% 77,8M=1,8s

2019-06-21 20:43:57 (309 KB/s) - ‘EN2_STAR_MON_0102699809_20070203T130553_20070401T235518.fits’ saved [576000/576000]

--2019-06-21 20:43:57--  http://exoplanetarchive.ipac.caltech.edu/data/ETSS/corot_exo/lightcurve/IRa01//EN2_STAR_MON_0102700868_20070203T130553_20070401T235518_lc.tbl
Resolving exoplanetarchive.ipac.caltech.edu (exoplanetarchive.ipac.caltech.edu)... 134.4.54.147
Connecting to exoplanetarchive.ipac.caltech.edu (exoplanetarchive.ipac.caltech.edu)|134.4.54.147|:80... connected.
HTTP request sent, awaiting response... 302 Found
Location: https://exoplanetarchive.ipac.caltech.edu/data/ETSS/corot_exo/lightcurve/IRa01//EN2_STAR_MON_0102700868_20070203T130553_20070401T235518_lc.tbl [following]
--2019-06-21 20:43:57--  https://exoplanetarchive.ipac.caltech.edu/data/ETSS/corot_exo/lightcurve/IRa01//EN2_STAR_MON_0102700868_20070203T130553_20070401T235518_lc.tbl
Connecting to exoplanetarchive.ipac.caltech.edu (exoplanetarchive.ipac.caltech.edu)|134.4.54.147|:443... connected.
HTTP request sent, awaiting response... 200 OK
Length: 1489543 (1,4M) [text/plain]
Saving to: ‘EN2_STAR_MON_0102700868_20070203T130553_20070401T235518_lc.tbl’

     0K .......... .......... .......... .......... ..........  3% 75,4K 19s
    50K .......... .......... .......... .......... ..........  6%  151K 13s
   100K .......... .......... .......... .......... .......... 10%  302K 10s
   150K .......... .......... .......... .......... .......... 13%  302K 8s
   200K .......... .......... .......... .......... .......... 17%  302K 7s
   250K .......... .......... .......... .......... .......... 20%  302K 6s
   300K .......... .......... .......... .......... .......... 24%  302K 6s
   350K .......... .......... .......... .......... .......... 27% 60,6M 5s
   400K .......... .......... .......... .......... .......... 30%  301K 4s
   450K .......... .......... .......... .......... .......... 34%  301K 4s
   500K .......... .......... .......... .......... .......... 37%  302K 4s
   550K .......... .......... .......... .......... .......... 41%  303K 4s
   600K .......... .......... .......... .......... .......... 44% 47,3M 3s
   650K .......... .......... .......... .......... .......... 48%  303K 3s
   700K .......... .......... .......... .......... .......... 51% 68,1M 2s
   750K .......... .......... .......... .......... .......... 54%  302K 2s
   800K .......... .......... .......... .......... .......... 58%  304K 2s
   850K .......... .......... .......... .......... .......... 61% 38,9M 2s
   900K .......... .......... .......... .......... .......... 65% 97,3M 2s
   950K .......... .......... .......... .......... .......... 68%  303K 1s
  1000K .......... .......... .......... .......... .......... 72% 76,6M 1s
  1050K .......... .......... .......... .......... .......... 75% 97,9M 1s
  1100K .......... .......... .......... .......... .......... 79%  304K 1s
  1150K .......... .......... .......... .......... .......... 82% 93,0M 1s
  1200K .......... .......... .......... .......... .......... 85%  303K 1s
  1250K .......... .......... .......... .......... .......... 89% 72,6M 0s
  1300K .......... .......... .......... .......... .......... 92% 99,3M 0s
  1350K .......... .......... .......... .......... .......... 96%  304K 0s
  1400K .......... .......... .......... .......... .......... 99% 86,7M 0s
  1450K ....                                                  100% 8835G=3,6s

2019-06-21 20:44:02 (399 KB/s) - ‘EN2_STAR_MON_0102700868_20070203T130553_20070401T235518_lc.tbl’ saved [1489543/1489543]

--2019-06-21 20:44:02--  http://exoplanetarchive.ipac.caltech.edu/data/ETSS/corot_exo/FITSfiles/IRa01/EN2_STAR_MON_0102700868_20070203T130553_20070401T235518.fits
Resolving exoplanetarchive.ipac.caltech.edu (exoplanetarchive.ipac.caltech.edu)... 134.4.54.147
Connecting to exoplanetarchive.ipac.caltech.edu (exoplanetarchive.ipac.caltech.edu)|134.4.54.147|:80... connected.
HTTP request sent, awaiting response... 302 Found
Location: https://exoplanetarchive.ipac.caltech.edu/data/ETSS/corot_exo/FITSfiles/IRa01/EN2_STAR_MON_0102700868_20070203T130553_20070401T235518.fits [following]
--2019-06-21 20:44:02--  https://exoplanetarchive.ipac.caltech.edu/data/ETSS/corot_exo/FITSfiles/IRa01/EN2_STAR_MON_0102700868_20070203T130553_20070401T235518.fits
Connecting to exoplanetarchive.ipac.caltech.edu (exoplanetarchive.ipac.caltech.edu)|134.4.54.147|:443... connected.
HTTP request sent, awaiting response... 200 OK
Length: 576000 (562K) [image/x-fits]
Saving to: ‘EN2_STAR_MON_0102700868_20070203T130553_20070401T235518.fits’

     0K .......... .......... .......... .......... ..........  8% 75,6K 7s
    50K .......... .......... .......... .......... .......... 17%  301K 4s
   100K .......... .......... .......... .......... .......... 26%  302K 3s
   150K .......... .......... .......... .......... .......... 35%  302K 2s
   200K .......... .......... .......... .......... .......... 44% 52,3M 1s
   250K .......... .......... .......... .......... .......... 53%  301K 1s
   300K .......... .......... .......... .......... .......... 62%  301K 1s
   350K .......... .......... .......... .......... .......... 71% 95,8M 1s
   400K .......... .......... .......... .......... .......... 80%  301K 0s
   450K .......... .......... .......... .......... .......... 88% 92,9M 0s
   500K .......... .......... .......... .......... .......... 97%  304K 0s
   550K .......... ..                                         100% 77,8M=1,8s

2019-06-21 20:44:05 (308 KB/s) - ‘EN2_STAR_MON_0102700868_20070203T130553_20070401T235518.fits’ saved [576000/576000]

--2019-06-21 20:44:05--  http://exoplanetarchive.ipac.caltech.edu/data/ETSS/corot_exo/lightcurve/IRa01//EN2_STAR_MON_0102701178_20070203T130553_20070401T235518_lc.tbl
Resolving exoplanetarchive.ipac.caltech.edu (exoplanetarchive.ipac.caltech.edu)... 134.4.54.147
Connecting to exoplanetarchive.ipac.caltech.edu (exoplanetarchive.ipac.caltech.edu)|134.4.54.147|:80... connected.
HTTP request sent, awaiting response... 302 Found
Location: https://exoplanetarchive.ipac.caltech.edu/data/ETSS/corot_exo/lightcurve/IRa01//EN2_STAR_MON_0102701178_20070203T130553_20070401T235518_lc.tbl [following]
--2019-06-21 20:44:05--  https://exoplanetarchive.ipac.caltech.edu/data/ETSS/corot_exo/lightcurve/IRa01//EN2_STAR_MON_0102701178_20070203T130553_20070401T235518_lc.tbl
Connecting to exoplanetarchive.ipac.caltech.edu (exoplanetarchive.ipac.caltech.edu)|134.4.54.147|:443... connected.
HTTP request sent, awaiting response... 200 OK
Length: 1489545 (1,4M) [text/plain]
Saving to: ‘EN2_STAR_MON_0102701178_20070203T130553_20070401T235518_lc.tbl’

     0K .......... .......... .......... .......... ..........  3% 75,5K 19s
    50K .......... .......... .......... .......... ..........  6%  302K 11s
   100K .......... .......... .......... .......... .......... 10% 60,9M 7s
   150K .......... .......... .......... .......... .......... 13%  303K 6s
   200K .......... .......... .......... .......... .......... 17% 59,2M 5s
   250K .......... .......... .......... .......... .......... 20%  302K 4s
   300K .......... .......... .......... .......... .......... 24%  302K 4s
   350K .......... .......... .......... .......... .......... 27% 46,8M 3s
   400K .......... .......... .......... .......... .......... 30%  302K 3s
   450K .......... .......... .......... .......... .......... 34% 42,2M 3s
   500K .......... .......... .......... .......... .......... 37% 91,3M 2s
   550K .......... .......... .......... .......... .......... 41%  304K 2s
   600K .......... .......... .......... .......... .......... 44% 41,8M 2s
   650K .......... .......... .......... .......... .......... 48%  101M 2s
   700K .......... .......... .......... .......... .......... 51%  304K 2s
   750K .......... .......... .......... .......... .......... 54% 35,5M 1s
   800K .......... .......... .......... .......... .......... 58% 45,5M 1s
   850K .......... .......... .......... .......... .......... 61%  307K 1s
   900K .......... .......... .......... .......... .......... 65% 79,9M 1s
   950K .......... .......... .......... .......... .......... 68% 38,9M 1s
  1000K .......... .......... .......... .......... .......... 72% 49,0M 1s
  1050K .......... .......... .......... .......... .......... 75%  307K 1s
  1100K .......... .......... .......... .......... .......... 79% 44,4M 1s
  1150K .......... .......... .......... .......... .......... 82% 39,6M 0s
  1200K .......... .......... .......... .......... .......... 85% 78,2M 0s
  1250K .......... .......... .......... .......... .......... 89% 94,0M 0s
  1300K .......... .......... .......... .......... .......... 92%  307K 0s
  1350K .......... .......... .......... .......... .......... 96% 51,7M 0s
  1400K .......... .......... .......... .......... .......... 99% 82,8M 0s
  1450K ....                                                  100% 8838G=2,3s

2019-06-21 20:44:08 (626 KB/s) - ‘EN2_STAR_MON_0102701178_20070203T130553_20070401T235518_lc.tbl’ saved [1489545/1489545]

--2019-06-21 20:44:08--  http://exoplanetarchive.ipac.caltech.edu/data/ETSS/corot_exo/FITSfiles/IRa01/EN2_STAR_MON_0102701178_20070203T130553_20070401T235518.fits
Resolving exoplanetarchive.ipac.caltech.edu (exoplanetarchive.ipac.caltech.edu)... 134.4.54.147
Connecting to exoplanetarchive.ipac.caltech.edu (exoplanetarchive.ipac.caltech.edu)|134.4.54.147|:80... connected.
HTTP request sent, awaiting response... 302 Found
Location: https://exoplanetarchive.ipac.caltech.edu/data/ETSS/corot_exo/FITSfiles/IRa01/EN2_STAR_MON_0102701178_20070203T130553_20070401T235518.fits [following]
--2019-06-21 20:44:09--  https://exoplanetarchive.ipac.caltech.edu/data/ETSS/corot_exo/FITSfiles/IRa01/EN2_STAR_MON_0102701178_20070203T130553_20070401T235518.fits
Connecting to exoplanetarchive.ipac.caltech.edu (exoplanetarchive.ipac.caltech.edu)|134.4.54.147|:443... connected.
HTTP request sent, awaiting response... 200 OK
Length: 576000 (562K) [image/x-fits]
Saving to: ‘EN2_STAR_MON_0102701178_20070203T130553_20070401T235518.fits’

     0K .......... .......... .......... .......... ..........  8% 75,6K 7s
    50K .......... .......... .......... .......... .......... 17%  302K 4s
   100K .......... .......... .......... .......... .......... 26%  301K 3s
   150K .......... .......... .......... .......... .......... 35%  303K 2s
   200K .......... .......... .......... .......... .......... 44%  303K 2s
   250K .......... .......... .......... .......... .......... 53% 49,8M 1s
   300K .......... .......... .......... .......... .......... 62%  303K 1s
   350K .......... .......... .......... .......... .......... 71% 57,7M 1s
   400K .......... .......... .......... .......... .......... 80%  301K 0s
   450K .......... .......... .......... .......... .......... 88%  305K 0s
   500K .......... .......... .......... .......... .......... 97% 29,1M 0s
   550K .......... ..                                         100% 69,7M=1,8s

2019-06-21 20:44:11 (309 KB/s) - ‘EN2_STAR_MON_0102701178_20070203T130553_20070401T235518.fits’ saved [576000/576000]

--2019-06-21 20:44:11--  http://exoplanetarchive.ipac.caltech.edu/data/ETSS/corot_exo/lightcurve/IRa01//EN2_STAR_MON_0102701434_20070203T130553_20070401T235518_lc.tbl
Resolving exoplanetarchive.ipac.caltech.edu (exoplanetarchive.ipac.caltech.edu)... 134.4.54.147
Connecting to exoplanetarchive.ipac.caltech.edu (exoplanetarchive.ipac.caltech.edu)|134.4.54.147|:80... connected.
HTTP request sent, awaiting response... 302 Found
Location: https://exoplanetarchive.ipac.caltech.edu/data/ETSS/corot_exo/lightcurve/IRa01//EN2_STAR_MON_0102701434_20070203T130553_20070401T235518_lc.tbl [following]
--2019-06-21 20:44:12--  https://exoplanetarchive.ipac.caltech.edu/data/ETSS/corot_exo/lightcurve/IRa01//EN2_STAR_MON_0102701434_20070203T130553_20070401T235518_lc.tbl
Connecting to exoplanetarchive.ipac.caltech.edu (exoplanetarchive.ipac.caltech.edu)|134.4.54.147|:443... connected.
HTTP request sent, awaiting response... 200 OK
Length: 1489543 (1,4M) [text/plain]
Saving to: ‘EN2_STAR_MON_0102701434_20070203T130553_20070401T235518_lc.tbl’

     0K .......... .......... .......... .......... ..........  3% 75,4K 19s
    50K .......... .......... .......... .......... ..........  6%  302K 11s
   100K .......... .......... .......... .......... .......... 10% 48,1M 7s
   150K .......... .......... .......... .......... .......... 13%  302K 6s
   200K .......... .......... .......... .......... .......... 17%  302K 6s
   250K .......... .......... .......... .......... .......... 20% 45,7M 4s
   300K .......... .......... .......... .......... .......... 24%  302K 4s
   350K .......... .......... .......... .......... .......... 27% 32,2M 4s
   400K .......... .......... .......... .......... .......... 30%  306K 3s
   450K .......... .......... .......... .......... .......... 34% 38,6M 3s
   500K .......... .......... .......... .......... .......... 37% 18,9M 2s
   550K .......... .......... .......... .......... .......... 41%  306K 2s
   600K .......... .......... .......... .......... .......... 44% 26,5M 2s
   650K .......... .......... .......... .......... .......... 48% 48,1M 2s
   700K .......... .......... .......... .......... .......... 51% 92,4M 2s
   750K .......... .......... .......... .......... .......... 54%  308K 1s
   800K .......... .......... .......... .......... .......... 58% 35,0M 1s
   850K .......... .......... .......... .......... .......... 61% 33,6M 1s
   900K .......... .......... .......... .......... .......... 65% 92,1M 1s
   950K .......... .......... .......... .......... .......... 68% 95,6M 1s
  1000K .......... .......... .......... .......... .......... 72%  308K 1s
  1050K .......... .......... .......... .......... .......... 75% 34,1M 1s
  1100K .......... .......... .......... .......... .......... 79% 39,5M 1s
  1150K .......... .......... .......... .......... .......... 82% 55,9M 0s
  1200K .......... .......... .......... .......... .......... 85% 78,6M 0s
  1250K .......... .......... .......... .......... .......... 89%  310K 0s
  1300K .......... .......... .......... .......... .......... 92% 36,9M 0s
  1350K .......... .......... .......... .......... .......... 96% 60,5M 0s
  1400K .......... .......... .......... .......... .......... 99% 79,3M 0s
  1450K ....                                                  100% 8835G=2,2s

2019-06-21 20:44:15 (674 KB/s) - ‘EN2_STAR_MON_0102701434_20070203T130553_20070401T235518_lc.tbl’ saved [1489543/1489543]

--2019-06-21 20:44:15--  http://exoplanetarchive.ipac.caltech.edu/data/ETSS/corot_exo/FITSfiles/IRa01/EN2_STAR_MON_0102701434_20070203T130553_20070401T235518.fits
Resolving exoplanetarchive.ipac.caltech.edu (exoplanetarchive.ipac.caltech.edu)... 134.4.54.147
Connecting to exoplanetarchive.ipac.caltech.edu (exoplanetarchive.ipac.caltech.edu)|134.4.54.147|:80... connected.
HTTP request sent, awaiting response... 302 Found
Location: https://exoplanetarchive.ipac.caltech.edu/data/ETSS/corot_exo/FITSfiles/IRa01/EN2_STAR_MON_0102701434_20070203T130553_20070401T235518.fits [following]
--2019-06-21 20:44:15--  https://exoplanetarchive.ipac.caltech.edu/data/ETSS/corot_exo/FITSfiles/IRa01/EN2_STAR_MON_0102701434_20070203T130553_20070401T235518.fits
Connecting to exoplanetarchive.ipac.caltech.edu (exoplanetarchive.ipac.caltech.edu)|134.4.54.147|:443... connected.
HTTP request sent, awaiting response... 200 OK
Length: 576000 (562K) [image/x-fits]
Saving to: ‘EN2_STAR_MON_0102701434_20070203T130553_20070401T235518.fits’

     0K .......... .......... .......... .......... ..........  8% 75,6K 7s
    50K .......... .......... .......... .......... .......... 17%  302K 4s
   100K .......... .......... .......... .......... .......... 26% 58,2M 2s
   150K .......... .......... .......... .......... .......... 35%  301K 2s
   200K .......... .......... .......... .......... .......... 44%  302K 1s
   250K .......... .......... .......... .......... .......... 53%  303K 1s
   300K .......... .......... .......... .......... .......... 62% 41,2M 1s
   350K .......... .......... .......... .......... .......... 71% 96,2M 1s
   400K .......... .......... .......... .......... .......... 80%  302K 0s
   450K .......... .......... .......... .......... .......... 88%  304K 0s
   500K .......... .......... .......... .......... .......... 97% 53,5M 0s
   550K .......... ..                                         100% 67,0M=1,7s

2019-06-21 20:44:18 (340 KB/s) - ‘EN2_STAR_MON_0102701434_20070203T130553_20070401T235518.fits’ saved [576000/576000]

--2019-06-21 20:44:18--  http://exoplanetarchive.ipac.caltech.edu/data/ETSS/corot_exo/lightcurve/IRa01//EN2_STAR_MON_0102701537_20070203T130553_20070401T235518_lc.tbl
Resolving exoplanetarchive.ipac.caltech.edu (exoplanetarchive.ipac.caltech.edu)... 134.4.54.147
Connecting to exoplanetarchive.ipac.caltech.edu (exoplanetarchive.ipac.caltech.edu)|134.4.54.147|:80... connected.
HTTP request sent, awaiting response... 302 Found
Location: https://exoplanetarchive.ipac.caltech.edu/data/ETSS/corot_exo/lightcurve/IRa01//EN2_STAR_MON_0102701537_20070203T130553_20070401T235518_lc.tbl [following]
--2019-06-21 20:44:18--  https://exoplanetarchive.ipac.caltech.edu/data/ETSS/corot_exo/lightcurve/IRa01//EN2_STAR_MON_0102701537_20070203T130553_20070401T235518_lc.tbl
Connecting to exoplanetarchive.ipac.caltech.edu (exoplanetarchive.ipac.caltech.edu)|134.4.54.147|:443... connected.
HTTP request sent, awaiting response... 200 OK
Length: 1489544 (1,4M) [text/plain]
Saving to: ‘EN2_STAR_MON_0102701537_20070203T130553_20070401T235518_lc.tbl’
